1614242250799858	200	101104
1614242250901010	200	88164
1614242250989195	200	84849
1614242251074064	200	85939
1614242251160030	200	85892
1614242251245944	200	86456
1614242251332425	200	86804
1614242251419256	200	85916
1614242251505194	200	86668
1614242251591893	200	85904
1614242251677838	200	86515
1614242251764377	200	86291
1614242251850692	200	86781
1614242251937500	200	91278
1614242252028801	200	87593
1614242252116421	200	87208
1614242252203654	200	89096
1614242252292773	200	88420
1614242252381216	200	85882
1614242252467126	200	85853
1614242252553005	200	87198
1614242252640233	200	87196
1614242252727456	200	88539
1614242252816021	200	88422
1614242252904464	200	86526
1614242252991010	200	85820
1614242253076849	200	88987
1614242253165861	200	86159
1614242253252042	200	86011
1614242253338074	200	87840
1614242253425941	200	87713
1614242253513677	200	87789
1614242253601493	200	86853
1614242253688373	200	85914
1614242253774307	200	88108
1614242253862442	200	86590
1614242253949058	200	87114
1614242254036198	200	85897
1614242254122119	200	86517
1614242254208658	200	85954
1614242254294637	200	88838
1614242254383501	200	88709
1614242254472233	200	87200
1614242254559458	200	86951
1614242254646434	200	90811
1614242254737270	200	90163
1614242254827457	200	91078
1614242254918559	200	89184
1614242255007768	200	89751
1614242255097543	200	104684
1614242255202255	200	113434
1614242255315713	200	93473
1614242255409207	200	86887
1614242255496118	200	101130
1614242255597280	200	99701
1614242255697003	200	87141
1614242255784175	200	108433
1614242255892631	200	90342
1614242255982999	200	89789
1614242256072813	200	86939
1614242256159774	200	88861
1614242256248682	200	87529
1614242256336234	200	87198
1614242256423459	200	91249
1614242256514730	200	97472
1614242256612226	200	93941
1614242256706187	200	87514
1614242256793728	200	88636
1614242256882386	200	89271
1614242256971687	200	89180
1614242257060948	200	91012
1614242257151990	200	97453
1614242257249464	200	90563
1614242257340046	200	88031
1614242257428103	200	86641
1614242257514770	200	87996
1614242257602793	200	87904
1614242257690723	200	88117
1614242257778869	200	88442
1614242257867379	200	90236
1614242257957643	200	87960
1614242258045629	200	89466
1614242258135125	200	87618
1614242258222768	200	86610
1614242258309402	200	86988
1614242258396414	200	86610
1614242258483048	200	90206
1614242258573282	200	87828
1614242258661138	200	87365
1614242258748531	200	86522
1614242258835101	200	87754
1614242258922878	200	89281
1614242259012189	200	88107
1614242259100316	200	88720
1614242259189059	200	89495
1614242259278579	200	88402
1614242259367003	200	88771
1614242259455797	200	88113
1614242259543940	200	88528
1614242259632491	200	87921
1614242259720451	200	87143
1614242259807624	200	88756
1614242259896409	200	87724
1614242259984162	200	87561
1614242260071751	200	88122
1614242260159892	200	86338
1614242260246253	200	88338
1614242260334619	200	90115
1614242260424782	200	91031
1614242260515840	200	87010
1614242260602879	200	85969
1614242260688875	200	87413
1614242260776316	200	89826
1614242260866171	200	85766
1614242260951961	200	85790
1614242261037773	200	86245
1614242261124046	200	86647
1614242261210714	200	86191
1614242261296931	200	86462
1614242261383417	200	86643
1614242261470082	200	87263
1614242261557376	200	86870
1614242261644275	200	88013
1614242261732316	200	87637
1614242261819981	200	88382
1614242261908392	200	92359
1614242262000784	200	90202
1614242262091015	200	88846
1614242262179889	200	86984
1614242262266899	200	86454
1614242262353378	200	86740
1614242262440141	200	87686
1614242262527854	200	88979
1614242262616862	200	88706
1614242262705594	200	87256
1614242262792878	200	86152
1614242262879057	200	90964
1614242262970048	200	89255
1614242263059330	200	88899
1614242263148254	200	86425
1614242263234705	200	86679
1614242263321411	200	90153
1614242263411591	200	90332
1614242263501951	200	89495
1614242263591475	200	89161
1614242263680660	200	89144
1614242263769827	200	88720
1614242263858674	200	86772
1614242263945474	200	87137
1614242264032639	200	86316
1614242264118982	200	86747
1614242264205755	200	89425
1614242264295220	200	88303
1614242264383539	200	87404
1614242264470964	200	88607
1614242264559592	200	86664
1614242264646274	200	86559
1614242264732852	200	86555
1614242264819461	200	86607
1614242264906087	200	88036
1614242264994145	200	85961
1614242265080122	200	86355
1614242265166495	200	87956
1614242265254470	200	87635
1614242265355918	200	87678
1614242265443615	200	86770
1614242265530407	200	87478
1614242265617909	200	89153
1614242265707082	200	87435
1614242265794537	200	86539
1614242265881099	200	88562
1614242265969682	200	86119
1614242266055817	200	85739
1614242266141571	200	87658
1614242266229247	200	88765
1614242266318032	200	88415
1614242266406468	200	91004
1614242266497494	200	87354
1614242266584876	200	86967
1614242266671870	200	86297
1614242266758193	200	86142
1614242266844364	200	85815
1614242266930208	200	88971
1614242267019203	200	87958
1614242267107190	200	86382
1614242267193592	200	87549
1614242267281160	200	85832
1614242267367013	200	87104
1614242267454145	200	87574
1614242267541748	200	86456
1614242267628233	200	85823
1614242267714080	200	87610
1614242267801718	200	88080
1614242267889817	200	89126
1614242267978968	200	86114
1614242268065108	200	86997
1614242268152133	200	86783
1614242268238940	200	86614
1614242268325571	200	86965
1614242268412559	200	87636
1614242268500233	200	86647
1614242268586907	200	86753
1614242268673682	200	87779
1614242268761486	200	87101
1614242268848618	200	90138
1614242268938785	200	86367
1614242269025189	200	88016
1614242269113231	200	87441
1614242269200695	200	86052
1614242269286774	200	86365
1614242269373165	200	86834
1614242269460025	200	89990
1614242269550044	200	89218
1614242269639290	200	89468
1614242269728782	200	87370
1614242269816176	200	87227
1614242269903429	200	87506
1614242269990963	200	86295
1614242270077285	200	86976
1614242270164282	200	87973
1614242270252282	200	87862
1614242270340169	200	89493
1614242270429689	200	86866
1614242270516582	200	86415
1614242270603026	200	86319
1614242270689372	200	86983
1614242270776383	200	86481
1614242270862887	200	86089
1614242270949002	200	86272
1614242271035301	200	86114
1614242271121441	200	86554
1614242271208019	200	85850
1614242271293894	200	85868
1614242271379788	200	89292
1614242271469106	200	87838
1614242271556964	200	88056
1614242271645048	200	85741
1614242271730813	200	85986
1614242271816822	200	86349
1614242271903199	200	88962
1614242271992187	200	86018
1614242272078229	200	87433
1614242272165689	200	87491
1614242272253206	200	89145
1614242272342377	200	86685
1614242272429090	200	88362
1614242272517479	200	86809
1614242272604317	200	87093
1614242272691438	200	85756
1614242272777216	200	85624
1614242272862862	200	86678
1614242272949568	200	87162
1614242273036755	200	87651
1614242273124430	200	86550
1614242273211010	200	87301
1614242273298336	200	87412
1614242273385769	200	89413
1614242273475210	200	89286
1614242273564526	200	86061
1614242273650613	200	88139
1614242273738779	200	86692
1614242273825496	200	87028
1614242273912552	200	86434
1614242273999012	200	86112
1614242274085152	200	86330
1614242274171506	200	86288
1614242274257819	200	86171
1614242274344016	200	86900
1614242274430944	200	86376
1614242274517345	200	86632
1614242274604004	200	87258
1614242274691287	200	86408
1614242274777717	200	85888
1614242274863631	200	86849
1614242274950508	200	87905
1614242275038436	200	86253
1614242275124707	200	86555
1614242275211290	200	86251
1614242275297563	200	85996
1614242275383580	200	86171
1614242275469779	200	87215
1614242275557022	200	89066
1614242275646114	200	88060
1614242275734195	200	88399
1614242275822618	200	86210
1614242275908855	200	87762
1614242275996646	200	86266
1614242276082932	200	85861
1614242276168817	200	88115
1614242276256957	200	85988
1614242276342967	200	86704
1614242276429694	200	86201
1614242276515942	200	86415
1614242276602386	200	88359
1614242276690771	200	85776
1614242276776570	200	88361
1614242276864958	200	86792
1614242276951783	200	86742
1614242277038551	200	87299
1614242277125876	200	89157
1614242277215065	200	87087
1614242277302177	200	86658
1614242277388861	200	88086
1614242277476974	200	88019
1614242277565039	200	86447
1614242277651507	200	86961
1614242277738485	200	87691
1614242277826194	200	89347
1614242277915563	200	87583
1614242278003169	200	86959
1614242278090149	200	88764
1614242278178934	200	86282
1614242278265234	200	86118
1614242278351368	200	88901
1614242278440290	200	89431
1614242278529740	200	89858
1614242278619620	200	88631
1614242278708272	200	85701
1614242278793990	200	86019
1614242278880029	200	85716
1614242278965765	200	89227
1614242279055010	200	89304
1614242279144330	200	86346
1614242279230693	200	86256
1614242279316968	200	88099
1614242279405084	200	87073
1614242279492178	200	87008
1614242279579210	200	88378
1614242279667607	200	89711
1614242279757335	200	86942
1614242279844387	200	86770
1614242279931178	200	86804
1614242280018003	200	88161
1614242280106189	200	88054
1614242280194259	200	85694
1614242280279969	200	88035
1614242280368024	200	86122
1614242280454167	200	86076
1614242280540260	200	89901
1614242280630183	200	85806
1614242280716006	200	88542
1614242280804566	200	88905
1614242280893491	200	89076
1614242280982586	200	89263
1614242281071868	200	89471
1614242281161360	200	86952
1614242281248331	200	87513
1614242281335861	200	86140
1614242281422021	200	88187
1614242281510227	200	89424
1614242281599672	200	86202
1614242281685890	200	86473
1614242281772381	200	88952
1614242281861355	200	87720
1614242281949096	200	86666
1614242282035782	200	86685
1614242282122483	200	86447
1614242282208948	200	86258
1614242282295226	200	87123
1614242282382366	200	85894
1614242282468281	200	86668
1614242282554972	200	87345
1614242282642337	200	87489
1614242282729843	200	85915
1614242282815777	200	87333
1614242282903130	200	86332
1614242282989482	200	86862
1614242283076376	200	87167
1614242283163561	200	87098
1614242283250675	200	87016
1614242283337714	200	87987
1614242283425732	200	86992
1614242283512746	200	86856
1614242283599625	200	85717
1614242283685357	200	85939
1614242283771315	200	85939
1614242283857275	200	85976
1614242283943272	200	88760
1614242284032051	200	89773
1614242284121845	200	87283
1614242284209151	200	86107
1614242284295276	200	85847
1614242284381139	200	86811
1614242284467973	200	86343
1614242284554337	200	86823
1614242284641178	200	87468
1614242284728665	200	89907
1614242284818593	200	89223
1614242284907836	200	89467
1614242284997323	200	89601
1614242285086941	200	89154
1614242285176108	200	86048
1614242285262175	200	88725
1614242285350919	200	88290
1614242285439227	200	88124
1614242285527373	200	87596
1614242285614991	200	86777
1614242285701784	200	89722
1614242285791547	200	87794
1614242285879365	200	85760
1614242285965159	200	85864
1614242286051039	200	88131
1614242286139187	200	88372
1614242286227576	200	86310
1614242286313906	200	87179
1614242286401106	200	87207
1614242286488332	200	86523
1614242286574876	200	88035
1614242286662932	200	86541
1614242286749491	200	86501
1614242286836007	200	86275
1614242286922302	200	87413
1614242287009736	200	86872
1614242287096628	200	86345
1614242287182990	200	86831
1614242287269840	200	89503
1614242287359359	200	87929
1614242287447308	200	86374
1614242287533705	200	88112
1614242287621837	200	85479
1614242287707332	200	86413
1614242287793767	200	89131
1614242287882917	200	85790
1614242287968728	200	86017
1614242288054762	200	86838
1614242288141619	200	86185
1614242288241014	200	87860
1614242288328891	200	86265
1614242288415174	200	89160
1614242288504352	200	87264
1614242288591640	200	86385
1614242288678041	200	88642
1614242288766703	200	88892
1614242288855612	200	87025
1614242288942657	200	89420
1614242289032099	200	87124
1614242289119242	200	88396
1614242289207653	200	86561
1614242289294237	200	86061
1614242289380311	200	86726
1614242289467059	200	87106
1614242289554188	200	89101
1614242289643309	200	89411
1614242289732737	200	88672
1614242289821428	200	85529
1614242289906977	200	86515
1614242289993512	200	85650
1614242290079181	200	87494
1614242290166696	200	87131
1614242290253842	200	88189
1614242290342049	200	87999
1614242290430068	200	87452
1614242290517539	200	86578
1614242290604139	200	86123
1614242290690280	200	88859
1614242290779168	200	86256
1614242290865441	200	86783
1614242290952244	200	86376
1614242291038638	200	86613
1614242291125271	200	86070
1614242291211363	200	87105
1614242291298488	200	86554
1614242291385055	200	87629
1614242291472707	200	86791
1614242291559515	200	87578
1614242291647115	200	87784
1614242291734916	200	87545
1614242291822481	200	88020
1614242291910523	200	88559
1614242291999101	200	89003
1614242292088121	200	89260
1614242292177400	200	89814
1614242292267233	200	88836
1614242292356089	200	86319
1614242292442428	200	86135
1614242292528581	200	88836
1614242292617437	200	89038
1614242292706492	200	89277
1614242292795785	200	87209
1614242292883012	200	87176
1614242292970209	200	89520
1614242293059747	200	89726
1614242293149494	200	87604
1614242293237112	200	87612
1614242293324743	200	86316
1614242293411077	200	89275
1614242293500372	200	86802
1614242293587195	200	86260
1614242293673476	200	85863
1614242293759386	200	87175
1614242293846578	200	86328
1614242293932927	200	87764
1614242294020713	200	86718
1614242294107448	200	86481
1614242294193950	200	86364
1614242294280331	200	85886
1614242294366235	200	86521
1614242294452777	200	88168
1614242294540967	200	86485
1614242294627474	200	86110
1614242294713611	200	87552
1614242294801187	200	86131
1614242294887338	200	87302
1614242294974660	200	90142
1614242295064819	200	89015
1614242295153853	200	87160
1614242295241026	200	87522
1614242295328566	200	88339
1614242295416930	200	86764
1614242295503722	200	88550
1614242295592300	200	86295
1614242295678621	200	87900
1614242295766543	200	86454
1614242295853022	200	87150
1614242295940200	200	86982
1614242296027207	200	88765
1614242296115994	200	89744
1614242296205764	200	89521
1614242296295308	200	88940
1614242296384268	200	87868
1614242296472161	200	89079
1614242296561271	200	86304
1614242296647664	200	89272
1614242296736964	200	86504
1614242296823490	200	86814
1614242296910331	200	86443
1614242296996800	200	87856
1614242297084679	200	89656
1614242297174358	200	87365
1614242297261749	200	85819
1614242297347591	200	87021
1614242297434640	200	86392
1614242297521055	200	88095
1614242297609178	200	86399
1614242297695608	200	86486
1614242297782116	200	86262
1614242297868402	200	86503
1614242297954935	200	86001
1614242298040959	200	86317
1614242298127332	200	87566
1614242298214925	200	86433
1614242298301382	200	88258
1614242298389667	200	86392
1614242298476088	200	87886
1614242298564002	200	86520
1614242298650547	200	87021
1614242298737594	200	86600
1614242298824217	200	89681
1614242298913925	200	87006
1614242299000959	200	85926
1614242299086909	200	86200
1614242299173134	200	86783
1614242299259944	200	86918
1614242299346885	200	87150
1614242299434062	200	88790
1614242299522878	200	88576
1614242299611483	200	88948
1614242299700455	200	86596
1614242299787077	200	87782
1614242299874876	200	88352
1614242299963259	200	87596
1614242300050885	200	86936
1614242300137845	200	89297
1614242300227166	200	88672
1614242300315863	200	87248
1614242300403138	200	87805
1614242300490971	200	88374
1614242300579375	200	87174
1614242300666574	200	87080
1614242300753682	200	88400
1614242300842106	200	87064
1614242300929200	200	85900
1614242301015126	200	86131
1614242301101283	200	87167
1614242301188479	200	88034
1614242301276534	200	86466
1614242301363025	200	86742
1614242301449795	200	88215
1614242301538038	200	87202
1614242301625269	200	86130
1614242301711425	200	86396
1614242301797848	200	86879
1614242301884755	200	88422
1614242301973203	200	89077
1614242302062307	200	88501
1614242302150831	200	86707
1614242302237563	200	88457
1614242302326046	200	86464
1614242302412533	200	86104
1614242302498664	200	87979
1614242302586672	200	86522
1614242302673221	200	87351
1614242302760595	200	88321
1614242302848939	200	86379
1614242302935345	200	86270
1614242303021638	200	86153
1614242303107814	200	88180
1614242303196021	200	86754
1614242303282798	200	87259
1614242303370084	200	86316
1614242303456437	200	86099
1614242303542565	200	87379
1614242303629970	200	87607
1614242303717603	200	89362
1614242303806999	200	87282
1614242303894308	200	88316
1614242303982653	200	86904
1614242304069595	200	87239
1614242304156854	200	87263
1614242304244159	200	88054
1614242304332234	200	89646
1614242304421900	200	86461
1614242304508381	200	86580
1614242304595008	200	89216
1614242304684243	200	87342
1614242304771604	200	86927
1614242304858554	200	86253
1614242304944829	200	86921
1614242305031765	200	89381
1614242305121166	200	90356
1614242305211540	200	89418
1614242305300978	200	86742
1614242305387738	200	87105
1614242305474866	200	89900
1614242305564786	200	86218
1614242305651025	200	87930
1614242305738971	200	85978
1614242305824967	200	88746
1614242305913734	200	87234
1614242306000989	200	86273
1614242306087277	200	86334
1614242306173631	200	89571
1614242306263216	200	89007
1614242306352242	200	87717
1614242306440018	200	86359
1614242306526395	200	87444
1614242306613861	200	86758
1614242306700635	200	88375
1614242306789029	200	87270
1614242306876314	200	87325
1614242306963659	200	89121
1614242307052801	200	87890
1614242307140708	200	87243
1614242307227969	200	85720
1614242307313708	200	87165
1614242307400891	200	88300
1614242307489213	200	86140
1614242307575374	200	87487
1614242307662880	200	86875
1614242307749773	200	87713
1614242307837507	200	87509
1614242307925036	200	86681
1614242308011736	200	88001
1614242308099756	200	87033
1614242308186810	200	86471
1614242308273298	200	86962
1614242308360280	200	86407
1614242308446707	200	86805
1614242308533534	200	87959
1614242308621514	200	88648
1614242308710182	200	87036
1614242308797239	200	86361
1614242308883618	200	88402
1614242308972040	200	86201
1614242309058255	200	87756
1614242309146030	200	89085
1614242309235132	200	89327
1614242309324479	200	88788
1614242309413282	200	87249
1614242309500552	200	86508
1614242309587081	200	87140
1614242309674237	200	86481
1614242309760735	200	85926
1614242309846682	200	85878
1614242309932579	200	85895
1614242310018495	200	87434
1614242310105943	200	85703
1614242310191663	200	86468
1614242310278147	200	88625
1614242310366792	200	86980
1614242310453793	200	87008
1614242310540823	200	88631
1614242310629479	200	86963
1614242310716456	200	87824
1614242310804298	200	88193
1614242310892513	200	87035
1614242310979598	200	89913
1614242311069533	200	87822
1614242311157376	200	86887
1614242311244281	200	86185
1614242311330483	200	87645
1614242311418144	200	90687
1614242311508853	200	88419
1614242311597294	200	86717
1614242311684027	200	87220
1614242311771266	200	86938
1614242311858221	200	87858
1614242311946100	200	87744
1614242312033862	200	85944
1614242312119822	200	85671
1614242312205519	200	89641
1614242312295180	200	86877
1614242312382075	200	87742
1614242312469838	200	87050
1614242312556909	200	88902
1614242312645829	200	86941
1614242312732792	200	86204
1614242312819014	200	88326
1614242312907359	200	87674
1614242312995054	200	86799
1614242313081871	200	86653
1614242313168541	200	87196
1614242313255753	200	86382
1614242313342151	200	86518
1614242313428690	200	86677
1614242313515387	200	89742
1614242313605149	200	87492
1614242313692658	200	88400
1614242313781098	200	86786
1614242313867903	200	88538
1614242313956464	200	85986
1614242314042466	200	87891
1614242314130378	200	86360
1614242314216755	200	87376
1614242314304148	200	87870
1614242314392037	200	87124
1614242314479184	200	88626
1614242314567831	200	86039
1614242314653891	200	87414
1614242314741326	200	88119
1614242314829464	200	87634
1614242314917118	200	86798
1614242315003936	200	85986
1614242315089939	200	85808
1614242315175762	200	87134
1614242315262918	200	85970
1614242315348904	200	85820
1614242315434743	200	88589
1614242315523352	200	87791
1614242315611165	200	86148
1614242315697330	200	86485
1614242315783834	200	85828
1614242315869682	200	88469
1614242315958171	200	86100
1614242316044291	200	86322
1614242316130632	200	87097
1614242316217745	200	87960
1614242316305722	200	86488
1614242316392231	200	88177
1614242316480430	200	88288
1614242316568740	200	86644
1614242316655407	200	89530
1614242316744956	200	87439
1614242316832439	200	86285
1614242316918743	200	86677
1614242317005440	200	86503
1614242317091959	200	86061
1614242317178035	200	86768
1614242317264823	200	86267
1614242317351122	200	87875
1614242317439017	200	89003
1614242317528040	200	87574
1614242317615631	200	86260
1614242317701909	200	87020
1614242317788949	200	85978
1614242317874943	200	87908
1614242317962872	200	87160
1614242318050051	200	89203
1614242318139271	200	87346
1614242318226637	200	88946
1614242318315601	200	87342
1614242318402963	200	86000
1614242318488985	200	88246
1614242318577253	200	86362
1614242318663634	200	87932
1614242318751584	200	86734
1614242318838335	200	87113
1614242318925471	200	86611
1614242319012100	200	86448
1614242319098562	200	86202
1614242319184784	200	86665
1614242319271467	200	87955
1614242319359439	200	86838
1614242319446300	200	87115
1614242319533431	200	86445
1614242319619895	200	86780
1614242319706696	200	86869
1614242319793585	200	87096
1614242319880701	200	88396
1614242319969117	200	89242
1614242320058378	200	87703
1614242320146101	200	86717
1614242320232838	200	87612
1614242320320468	200	87035
1614242320407524	200	87191
1614242320494735	200	86826
1614242320581582	200	86885
1614242320668485	200	87825
1614242320756330	200	86151
1614242320842500	200	86604
1614242320929135	200	90057
1614242321019212	200	89477
1614242321108709	200	88939
1614242321197668	200	86866
1614242321284553	200	86257
1614242321370825	200	87404
1614242321458248	200	87053
1614242321545318	200	87950
1614242321633291	200	86748
1614242321720069	200	87313
1614242321807400	200	86732
1614242321894152	200	87462
1614242321981633	200	90792
1614242322072446	200	86972
1614242322159436	200	88147
1614242322247603	200	88887
1614242322336509	200	89497
1614242322426025	200	89190
1614242322515238	200	87587
1614242322602846	200	87741
1614242322690601	200	89004
1614242322779624	200	85884
1614242322865525	200	86092
1614242322951638	200	86530
1614242323038187	200	88187
1614242323126392	200	86208
1614242323212618	200	86835
1614242323299473	200	86258
1614242323385750	200	87757
1614242323473527	200	87217
1614242323560766	200	86422
1614242323647208	200	86535
1614242323733758	200	86352
1614242323820128	200	88259
1614242323908404	200	85886
1614242323994312	200	85816
1614242324080145	200	85983
1614242324166183	200	88766
1614242324254966	200	91047
1614242324346032	200	89320
1614242324435373	200	88786
1614242324524177	200	88631
1614242324612827	200	89040
1614242324701886	200	86510
1614242324788414	200	87334
1614242324875769	200	87659
1614242324963451	200	85788
1614242325049254	200	87404
1614242325136678	200	88430
1614242325225128	200	86831
1614242325311977	200	89506
1614242325401502	200	88736
1614242325490260	200	88454
1614242325578736	200	87730
1614242325666490	200	86850
1614242325753363	200	89133
1614242325842523	200	87208
1614242325929758	200	86156
1614242326015938	200	88378
1614242326104342	200	86162
1614242326190526	200	89284
1614242326279830	200	87048
1614242326366905	200	87716
1614242326454648	200	87240
1614242326541912	200	86839
1614242326628779	200	88041
1614242326716844	200	88153
1614242326805022	200	87014
1614242326892065	200	86231
1614242326978322	200	86375
1614242327064721	200	89280
1614242327154029	200	85884
1614242327239940	200	86259
1614242327326223	200	86478
1614242327412725	200	88344
1614242327501097	200	87232
1614242327588357	200	89525
1614242327677905	200	86764
1614242327764692	200	87818
1614242327852538	200	86892
1614242327939469	200	88453
1614242328027947	200	87530
1614242328115507	200	88630
1614242328204164	200	86478
1614242328290664	200	89499
1614242328380188	200	86837
1614242328467053	200	86558
1614242328553640	200	86028
1614242328639696	200	86099
1614242328725817	200	88696
1614242328814535	200	86574
1614242328901136	200	86790
1614242328987954	200	88059
1614242329076036	200	88838
1614242329164902	200	86818
1614242329251740	200	86607
1614242329338374	200	88373
1614242329426774	200	88790
1614242329515592	200	88421
1614242329604042	200	87836
1614242329691910	200	88543
1614242329780476	200	90295
1614242329870796	200	87892
1614242329958715	200	86759
1614242330045503	200	90137
1614242330135669	200	88046
1614242330223733	200	86461
1614242330310217	200	86948
1614242330397190	200	88606
1614242330485825	200	88082
1614242330573937	200	86120
1614242330660103	200	88646
1614242330748763	200	87831
1614242330836615	200	86502
1614242330923137	200	86047
1614242331009204	200	86331
1614242331095551	200	86402
1614242331181970	200	87465
1614242331269452	200	88069
1614242331357539	200	88426
1614242331445985	200	86770
1614242331532774	200	88758
1614242331621553	200	86104
1614242331707680	200	86286
1614242331793982	200	89006
1614242331883005	200	88304
1614242331971328	200	86054
1614242332057401	200	85748
1614242332143165	200	86324
1614242332229506	200	90781
1614242332320307	200	86532
1614242332406857	200	88649
1614242332495527	200	86698
1614242332582248	200	86403
1614242332668669	200	87755
1614242332756441	200	87719
1614242332844178	200	87661
1614242332931860	200	88521
1614242333020403	200	86574
1614242333106997	200	89186
1614242333196201	200	86310
1614242333282526	200	87801
1614242333370346	200	87167
1614242333457534	200	87811
1614242333545364	200	87305
1614242333632690	200	87275
1614242333719983	200	87476
1614242333807477	200	87700
1614242333895203	200	86661
1614242333981884	200	89553
1614242334071457	200	87637
1614242334159114	200	86123
1614242334245254	200	89640
1614242334334913	200	88221
1614242334423154	200	87158
1614242334510333	200	87458
1614242334597813	200	87354
1614242334685182	200	86215
1614242334771416	200	86426
1614242334857860	200	85908
1614242334943789	200	86249
1614242335030059	200	86147
1614242335116223	200	86311
1614242335202552	200	86530
1614242335289104	200	86754
1614242335375876	200	85919
1614242335461816	200	86383
1614242335548220	200	88715
1614242335636957	200	86584
1614242335723555	200	88985
1614242335812557	200	89079
1614242335901656	200	87484
1614242335989164	200	86555
1614242336075735	200	88030
1614242336163783	200	89174
1614242336252973	200	87862
1614242336340852	200	87846
1614242336428720	200	87215
1614242336515953	200	89461
1614242336605434	200	89177
1614242336694631	200	89281
1614242336783929	200	86454
1614242336870401	200	88984
1614242336959406	200	86270
1614242337045696	200	85739
1614242337131450	200	86799
1614242337218268	200	87190
1614242337305475	200	88101
1614242337393594	200	86401
1614242337480011	200	105576
1614242337585631	200	89263
1614242337674911	200	87045
1614242337761976	200	86855
1614242337848847	200	87188
1614242337936055	200	87614
1614242338023688	200	89695
1614242338113399	200	89172
1614242338202590	200	86242
1614242338288851	200	86156
1614242338375021	200	86655
1614242611371248	200	3095
1614243135683464	200	3993
1614243175447404	200	3153
1614243234216264	200	3021
1614243262621427	200	22189
1614243373386953	200	15455
1614243579607498	200	11985
1614243733580269	200	12077
1614243881977532	200	13410
1614244409145291	200	12171
1614244695925427	200	4840
1614244742338685	200	21610
1614244742360327	200	18216
1614244742378567	200	16772
1614244742395361	200	18384
1614244742413766	200	18635
1614244742432437	200	18181
1614244742450642	200	17306
1614244742467971	200	17803
1614244742485806	200	18899
1614244742504728	200	16175
1614244742520923	200	16777
1614244742537723	200	15815
1614244742553560	200	16351
1614244742569932	200	18327
1614244742588280	200	16647
1614244742604949	200	17964
1614244742622934	200	18446
1614244742641402	200	19717
1614244742661141	200	17461
1614244742678625	200	16625
1614244742695272	200	18361
1614244742713655	200	18608
1614244742732287	200	18536
1614244742750855	200	16184
1614244742767061	200	15931
1614244742783015	200	16769
1614244742799806	200	15879
1614244742815706	200	16495
1614244742832226	200	16344
1614244742848591	200	16031
1614244742864666	200	18431
1614244742883121	200	16441
1614244742899586	200	17139
1614244742916746	200	18046
1614244742934815	200	17109
1614244742951945	200	18611
1614244742970579	200	16860
1614244742987465	200	16253
1614244743003740	200	18298
1614244743022062	200	16887
1614244743038973	200	16137
1614244743055130	200	18533
1614244743073685	200	17263
1614244743090970	200	16408
1614244743107404	200	16603
1614244743124027	200	16400
1614244743140493	200	19956
1614244743160476	200	18878
1614244743179389	200	18652
1614244743198075	200	18439
1614244743216535	200	17334
1614244743233906	200	17206
1614244743251133	200	17439
1614244743268596	200	16460
1614244743285076	200	16814
1614244743301927	200	16405
1614244743318347	200	18513
1614244743336882	200	18901
1614244743355804	200	17565
1614244743373389	200	18718
1614244743392142	200	16907
1614244743409071	200	18394
1614244743427482	200	16136
1614244743443635	200	17643
1614244743461297	200	18639
1614244743479957	200	20619
1614244743500602	200	19535
1614244743520159	200	22778
1614244743542961	200	19799
1614244743562788	200	18858
1614244743581672	200	17953
1614244743599653	200	17863
1614244743617544	200	19390
1614244743636978	200	18311
1614244743655309	200	19344
1614244743674699	200	19649
1614244743694390	200	17040
1614244743711449	200	17169
1614244743728640	200	16671
1614244743745332	200	17433
1614244743762785	200	16728
1614244743779531	200	17951
1614244743797505	200	17493
1614244743815017	200	17627
1614244743832666	200	18807
1614244743851489	200	18157
1614244743869666	200	16769
1614244743886451	200	16986
1614244743903458	200	17503
1614244743920979	200	17319
1614244743938316	200	17312
1614244743955645	200	18481
1614244743974142	200	18408
1614244743992567	200	16599
1614244744009188	200	16191
1614244744025396	200	16589
1614244744042005	200	19225
1614244744061247	200	15956
1614244744077219	200	16393
1614244744093629	200	16273
1614244744109928	200	17354
1614244744127357	200	17358
1614244744144736	200	18478
1614244744163233	200	16775
1614244744180025	200	18956
1614244744198999	200	15991
1614244744215005	200	18354
1614244744233376	200	18236
1614244744251628	200	17795
1614244744269439	200	15963
1614244744285419	200	16272
1614244744301709	200	16446
1614244744318212	200	16634
1614244744334863	200	16101
1614244744350980	200	17102
1614244744368099	200	18264
1614244744386380	200	16231
1614244744402629	200	18037
1614244744420682	200	18843
1614244744439544	200	16197
1614244744455757	200	16070
1614244744471843	200	16527
1614244744488386	200	17147
1614244744505552	200	18401
1614244744523970	200	16328
1614244744540320	200	17378
1614244744557714	200	16252
1614244744573985	200	16599
1614244744590600	200	18521
1614244744609138	200	17893
1614244744627049	200	15857
1614244744642922	200	19045
1614244744661985	200	16025
1614244744678026	200	18466
1614244744696510	200	17699
1614244744714225	200	18355
1614244744732595	200	16203
1614244744748815	200	16070
1614244744764901	200	15844
1614244744780762	200	18282
1614244744799060	200	18391
1614244744817467	200	16412
1614244744833897	200	15961
1614244744849873	200	16562
1614244744866453	200	17303
1614244744883777	200	16728
1614244744900523	200	16760
1614244744917298	200	18058
1614244744935373	200	15962
1614244744951350	200	16322
1614244744967689	200	17659
1614244744985363	200	18859
1614244745004240	200	16250
1614244745020506	200	19201
1614244745039726	200	17967
1614244745057709	200	16644
1614244745074369	200	16137
1614244745090523	200	16336
1614244745106875	200	16344
1614244745123236	200	16122
1614244745139374	200	17389
1614244745156779	200	19620
1614244745176417	200	15868
1614244745192301	200	17012
1614244745209332	200	15935
1614244745225281	200	18205
1614244745243504	200	17494
1614244745261017	200	18151
1614244745279208	200	19191
1614244745298427	200	20054
1614244745318506	200	17425
1614244745335949	200	18272
1614244745354236	200	16454
1614244745370708	200	16123
1614244745386848	200	16215
1614244745403081	200	15913
1614244745419010	200	17423
1614244745436451	200	18372
1614244745454838	200	18614
1614244745473471	200	17924
1614244745491411	200	18012
1614244745509441	200	18086
1614244745527543	200	16215
1614244745543774	200	18762
1614244745562563	200	17072
1614244745579653	200	16089
1614244745595760	200	17958
1614244745613734	200	18430
1614244745632182	200	16862
1614244745649061	200	18653
1614244745667735	200	18858
1614244745686634	200	20375
1614244745707033	200	18712
1614244745725763	200	18577
1614244745744357	200	16837
1614244745761211	200	16163
1614244745777392	200	16113
1614244745793521	200	16123
1614244745809661	200	18896
1614244745828579	200	18604
1614244745847209	200	16233
1614244745863458	200	16337
1614244745879813	200	18817
1614244745898663	200	18274
1614244745916954	200	19158
1614244745936129	200	19423
1614244745955571	200	18346
1614244745973937	200	17338
1614244745991291	200	17595
1614244746008905	200	19467
1614244746028401	200	16572
1614244746044991	200	18040
1614244746063047	200	15914
1614244746078977	200	16294
1614244746095289	200	15976
1614244746111283	200	17103
1614244746128403	200	16137
1614244746144556	200	16693
1614244746161267	200	19645
1614244746180929	200	16177
1614244746197124	200	18476
1614244746215617	200	17665
1614244746233302	200	18263
1614244746251580	200	18799
1614244746270397	200	16834
1614244746287249	200	17676
1614244746304941	200	16034
1614244746320992	200	17163
1614244746338175	200	16880
1614244746355069	200	18540
1614244746373627	200	18363
1614244746392006	200	16285
1614244746408348	200	18138
1614244746426503	200	17736
1614244746444263	200	18767
1614244746463048	200	18248
1614244746481311	200	17478
1614244746498805	200	18076
1614244746516897	200	17780
1614244746534697	200	16922
1614244746551636	200	18138
1614244746569796	200	18308
1614244746588120	200	17362
1614244746605499	200	16005
1614244746621520	200	16616
1614244746638154	200	16424
1614244746654595	200	18299
1614244746672912	200	17087
1614244746690017	200	16774
1614244746706808	200	15991
1614244746722816	200	16711
1614244746739543	200	17278
1614244746756839	200	17410
1614244746774268	200	16828
1614244746791113	200	17529
1614244746808658	200	18674
1614244746827356	200	17038
1614244746844412	200	16610
1614244746861041	200	16440
1614244746877497	200	16726
1614244746894239	200	16500
1614244746910756	200	16010
1614244746926783	200	18538
1614244746945338	200	18052
1614244746963408	200	16509
1614244746979933	200	17981
1614244746997931	200	16049
1614244747013994	200	16345
1614244747030357	200	17018
1614244747047391	200	16502
1614244747063911	200	18533
1614244747082461	200	16788
1614244747099267	200	18552
1614244747117841	200	18859
1614244747136721	200	18583
1614244747155320	200	16212
1614244747171552	200	16850
1614244747188418	200	18240
1614244747206680	200	18308
1614244747225005	200	16305
1614244747241328	200	17757
1614244747259102	200	16042
1614244747275161	200	17195
1614244747292372	200	17108
1614244747309498	200	16323
1614244747325837	200	16876
1614244747342732	200	16226
1614244747358978	200	16164
1614244747375160	200	18525
1614244747393747	200	18561
1614244747412326	200	16150
1614244747428492	200	18544
1614244747447055	200	18793
1614244747465866	200	16622
1614244747482502	200	17762
1614244747500285	200	15748
1614244747516049	200	17111
1614244747533177	200	16078
1614244747549273	200	16633
1614244747565923	200	17648
1614244747583597	200	16798
1614244747600413	200	16035
1614244747616464	200	18737
1614244747635220	200	16108
1614244747651345	200	16581
1614244747667944	200	18996
1614244747686957	200	17310
1614244747704285	200	17714
1614244747722016	200	16053
1614244747738086	200	16093
1614244747754196	200	16761
1614244747770976	200	15755
1614244747786747	200	17338
1614244747804102	200	18355
1614244747822475	200	16774
1614244747839267	200	17793
1614244747857075	200	18339
1614244747875431	200	16962
1614244747892410	200	16822
1614244747909252	200	18896
1614244747928167	200	18356
1614244747946540	200	18064
1614244747964622	200	18155
1614244747982793	200	16151
1614244747998961	200	16029
1614244748015007	200	16816
1614244748031841	200	16141
1614244748047998	200	18246
1614244748066263	200	17435
1614244748083719	200	19399
1614244748103141	200	16750
1614244748119910	200	17685
1614244748137613	200	18623
1614244748156257	200	17089
1614244748173363	200	17862
1614244748191248	200	17313
1614244748208582	200	16894
1614244748225494	200	17600
1614244748243133	200	17064
1614244748260214	200	16276
1614244748276508	200	16599
1614244748293123	200	16197
1614244748309337	200	15951
1614244748325305	200	16126
1614244748341447	200	16330
1614244748357794	200	17204
1614244748375018	200	16829
1614244748391863	200	18286
1614244748410185	200	18210
1614244748428412	200	16072
1614244748444502	200	16181
1614244748460699	200	17220
1614244748477936	200	17130
1614244748495084	200	16168
1614244748511269	200	17810
1614244748529112	200	16154
1614244748545283	200	17720
1614244748563043	200	16671
1614244748579731	200	18892
1614244748598643	200	16278
1614244748614938	200	16179
1614244748631133	200	16675
1614244748647825	200	18603
1614244748666444	200	18239
1614244748684700	200	17775
1614244748702498	200	16751
1614244748719266	200	19059
1614244748738343	200	17147
1614244748755511	200	16562
1614244748772093	200	16345
1614244748788455	200	16268
1614244748804739	200	16950
1614244748821706	200	16187
1614244748837908	200	16472
1614244748854396	200	17190
1614244748871604	200	16531
1614244748888153	200	16263
1614244748904433	200	16751
1614244748921203	200	17898
1614244748939118	200	16579
1614244748955723	200	16956
1614244748972696	200	18351
1614244748991064	200	17536
1614244749008617	200	16278
1614244749024911	200	16636
1614244749041565	200	18911
1614244749060494	200	15988
1614244749076499	200	15950
1614244749092466	200	16302
1614244749108784	200	18063
1614244749126869	200	18339
1614244749145227	200	16110
1614244749161357	200	16076
1614244749177450	200	18054
1614244749195522	200	17414
1614244749212956	200	16427
1614244749229418	200	16120
1614244749245555	200	18981
1614244749264555	200	17681
1614244749282252	200	16710
1614244749298989	200	17008
1614244749316014	200	18876
1614244749334907	200	18410
1614244749353333	200	16963
1614244749370312	200	15928
1614244749386256	200	17871
1614244749404145	200	17128
1614244749421290	200	16216
1614244749437524	200	16279
1614244749453822	200	17356
1614244749471194	200	16007
1614244749487216	200	16238
1614244749503470	200	16955
1614244749520442	200	18826
1614244749539285	200	18541
1614244749557844	200	16459
1614244749574319	200	16740
1614244749591076	200	18598
1614244749609692	200	16167
1614244749625875	200	18342
1614244749644271	200	18373
1614244749662662	200	17326
1614244749680005	200	16481
1614244749696504	200	16955
1614244749713476	200	16377
1614244749729890	200	16687
1614244749746599	200	17247
1614244749763864	200	16569
1614244749780450	200	16863
1614244749797330	200	16166
1614244749813511	200	17252
1614244749830783	200	16847
1614244749847646	200	18429
1614244749866097	200	18185
1614244749884297	200	18105
1614244749902422	200	18553
1614244749920991	200	16438
1614244749937446	200	16047
1614244749953510	200	16157
1614244749969683	200	18081
1614244749987780	200	16983
1614244750004782	200	18108
1614244750022907	200	16023
1614244750038947	200	18475
1614244750057439	200	16975
1614244750074431	200	18665
1614244750093112	200	18219
1614244750111349	200	16157
1614244750127521	200	16860
1614244750144442	200	18740
1614244750163200	200	16607
1614244750179824	200	16173
1614244750196014	200	17218
1614244750213251	200	18623
1614244750231893	200	16659
1614244750248570	200	16142
1614244750264730	200	16343
1614244750281091	200	16280
1614244750297391	200	16036
1614244750313444	200	16338
1614244750329799	200	16629
1614244750346444	200	18400
1614244750364864	200	18124
1614244750383005	200	16613
1614244750399640	200	16172
1614244750415831	200	16924
1614244750432779	200	16273
1614244750449073	200	17896
1614244750466993	200	17872
1614244750484885	200	16701
1614244750501609	200	16778
1614244750518414	200	16821
1614244750535252	200	16233
1614244750551503	200	16875
1614244750568394	200	18320
1614244750586731	200	18539
1614244750605289	200	16581
1614244750621888	200	17759
1614244750639664	200	19399
1614244750659086	200	17296
1614244750676402	200	16291
1614244750692711	200	16186
1614244750708915	200	17972
1614244750726908	200	16522
1614244750743457	200	16354
1614244750759827	200	16401
1614244750776246	200	16691
1614244750792955	200	17953
1614244750810933	200	19386
1614244750830338	200	17970
1614244750848327	200	17963
1614244750866307	200	15983
1614244750882305	200	18129
1614244750900455	200	15979
1614244750916450	200	17635
1614244750934102	200	18802
1614244750952922	200	16128
1614244750969067	200	17535
1614244750986617	200	17282
1614244751003917	200	16109
1614244751020051	200	16630
1614244751036698	200	18124
1614244751054838	200	16808
1614244751071668	200	17127
1614244751088812	200	16465
1614244751105295	200	16561
1614244751121869	200	16156
1614244751138059	200	18278
1614244751156353	200	16179
1614244751172550	200	16172
1614244751188739	200	16786
1614244751205541	200	17119
1614244751222697	200	17015
1614244751239730	200	16793
1614244751256540	200	16328
1614244751272884	200	18260
1614244751291162	200	16631
1614244751307811	200	17053
1614244751324883	200	16611
1614244751341512	200	18147
1614244751359676	200	16355
1614244751376048	200	16545
1614244751392610	200	16039
1614244751408665	200	18760
1614244751427462	200	16896
1614244751444376	200	20842
1614244751465237	200	17461
1614244751482714	200	20321
1614244751503055	200	17504
1614244751520578	200	16756
1614244751537357	200	16555
1614244751553928	200	17227
1614244751571172	200	16044
1614244751587231	200	18518
1614244751605766	200	16343
1614244751622130	200	15998
1614244751638145	200	16023
1614244751654183	200	19458
1614244751673661	200	18323
1614244751692003	200	16198
1614244751708218	200	17658
1614244751725895	200	17241
1614244751743153	200	17720
1614244751760895	200	17971
1614244751778888	200	16982
1614244751795888	200	17202
1614244751813106	200	16090
1614244751829217	200	15929
1614244751845165	200	18525
1614244751863708	200	17980
1614244751881704	200	18869
1614244751900590	200	17990
1614244751918610	200	16936
1614244751935565	200	16970
1614244751952556	200	16493
1614244751969067	200	17777
1614244751986860	200	16394
1614244752003273	200	15970
1614244752019259	200	16705
1614244752035981	200	18636
1614244752054635	200	16548
1614244752071203	200	15979
1614244752087198	200	16106
1614244752103323	200	16536
1614244752119875	200	16359
1614244752136252	200	16562
1614244752152830	200	18894
1614244752171743	200	18504
1614244752190266	200	17253
1614244752207537	200	19319
1614244752226876	200	19085
1614244752245978	200	18950
1614244752264947	200	16236
1614244752281200	200	18448
1614244752299666	200	16433
1614244752316115	200	17833
1614244752333964	200	15874
1614244752349854	200	17920
1614244752367794	200	19880
1614244752387691	200	19176
1614244752406886	200	18536
1614244752425440	200	16567
1614244752442023	200	18429
1614244752460470	200	16441
1614244752476928	200	18594
1614244752495569	200	17876
1614244752513462	200	16317
1614244752529795	200	16214
1614244752546023	200	16311
1614244752562352	200	15819
1614244752578187	200	16879
1614244752595083	200	16317
1614244752611416	200	18630
1614244752630064	200	15917
1614244752645997	200	15910
1614244752661922	200	18262
1614244752680201	200	18449
1614244752698666	200	16425
1614244752715109	200	17800
1614244752732929	200	18553
1614244752751508	200	18756
1614244752770282	200	16059
1614244752786356	200	16401
1614244752802775	200	16226
1614244752819018	200	17697
1614244752836733	200	18208
1614244752854957	200	16218
1614244752871193	200	16610
1614244752887818	200	16320
1614244752904156	200	16212
1614244752920383	200	17162
1614244752937561	200	16939
1614244752954515	200	19420
1614244752973954	200	18950
1614244752992922	200	18181
1614244753011122	200	16357
1614244753027497	200	18239
1614244753045752	200	16085
1614244753061871	200	18111
1614244753079999	200	16431
1614244753096448	200	15916
1614244753112379	200	19123
1614244753131519	200	16742
1614244753148275	200	16194
1614244753164488	200	18292
1614244753182796	200	16286
1614244753199099	200	18031
1614244753217147	200	18817
1614244753235982	200	16176
1614244753252176	200	18569
1614244753270760	200	15967
1614244753286743	200	16535
1614244753303295	200	16067
1614244753319378	200	16281
1614244753335676	200	16032
1614244753351724	200	17723
1614244753369464	200	18024
1614244753387510	200	16389
1614244753403921	200	18686
1614244753422622	200	16974
1614244753439613	200	18684
1614244753458314	200	16226
1614244753474558	200	15983
1614244753490557	200	18226
1614244753508800	200	18294
1614244753527111	200	16218
1614244753543346	200	18475
1614244753561840	200	16490
1614244753578346	200	17423
1614244753595792	200	18575
1614244753614384	200	16568
1614244753630970	200	15787
1614244753646776	200	18345
1614244753665140	200	16501
1614244753681657	200	16437
1614244753698112	200	15926
1614244753714055	200	16338
1614244753730411	200	17204
1614244753747651	200	17745
1614244753765417	200	16788
1614244753782225	200	16987
1614244753799229	200	18509
1614244753817757	200	18609
1614244753836383	200	18381
1614244753854779	200	16489
1614244753871288	200	17444
1614244753888749	200	16452
1614244753905219	200	16161
1614244753921396	200	19068
1614244753940480	200	15984
1614244753956479	200	16090
1614244753972585	200	16076
1614244753988676	200	18705
1614244754007399	200	18584
1614244754026002	200	18564
1614244754044583	200	19462
1614244754064065	200	15935
1614244754080017	200	16171
1614244754096208	200	15886
1614244754112109	200	16662
1614244754128792	200	17106
1614244754145917	200	16284
1614244754162218	200	16149
1614244754178385	200	17811
1614244754196214	200	15994
1614244754212224	200	17853
1614244754230100	200	18045
1614244754248164	200	16101
1614244754264285	200	16143
1614244754280444	200	16763
1614244754297228	200	16065
1614244754313310	200	16740
1614244754330068	200	15944
1614244754346028	200	17639
1614244754363686	200	16084
1614244754379786	200	16339
1614244754396144	200	16364
1614244754412526	200	16104
1614244754428646	200	18514
1614244754447177	200	18734
1614244754465939	200	15989
1614244754481944	200	17596
1614244754499558	200	18547
1614244754518120	200	17263
1614244754535400	200	17094
1614244754552511	200	16227
1614244754568756	200	16316
1614244754585090	200	17097
1614244754602203	200	17702
1614244754619921	200	17320
1614244754637259	200	15992
1614244754653267	200	18351
1614244754671635	200	15926
1614244754687577	200	16298
1614244754703892	200	16280
1614244754720190	200	18736
1614244754738944	200	18353
1614244754757313	200	16262
1614244754773592	200	16062
1614244754789671	200	16077
1614244754805764	200	15953
1614244754821733	200	17453
1614244754839203	200	17140
1614244754856377	200	17312
1614244754873709	200	16733
1614244754890461	200	16190
1614244754906668	200	18528
1614244754925212	200	16320
1614244754941549	200	16134
1614244754957699	200	17544
1614244754975261	200	16448
1614244754991726	200	17781
1614244755009527	200	17294
1614244755026839	200	16321
1614244755043176	200	18602
1614244755061794	200	16264
1614244755078119	200	16789
1614244755094961	200	17467
1614244755112444	200	16068
1614244755128528	200	16273
1614244755144821	200	16374
1614244755161212	200	16283
1614244755177514	200	17955
1614244755195486	200	16234
1614244755211736	200	16043
1614244755227796	200	16270
1614244755244083	200	19328
1614244755263432	200	16768
1614244755280218	200	17683
1614244755297926	200	18534
1614244755316484	200	17308
1614244755333822	200	16766
1614244755350610	200	17738
1614244755368381	200	17781
1614244755386187	200	16451
1614244755402660	200	18274
1614244755420955	200	17550
1614244755438530	200	16701
1614244755455254	200	16520
1614244755471817	200	16343
1614244755488184	200	16472
1614244755504678	200	15771
1614244755520469	200	16278
1614244755536770	200	15976
1614244755552769	200	16410
1614244755569203	200	18395
1614244755587620	200	16943
1614244755604588	200	15838
1614244755620447	200	18456
1614244755638926	200	16459
1614244755655408	200	17229
1614244755672665	200	16228
1614244755688914	200	19058
1614244755707996	200	16777
1614244755724798	200	17046
1614244755741871	200	18230
1614244755760128	200	17314
1614244755777468	200	16337
1614244755793827	200	18399
1614244755812252	200	18268
1614244755830542	200	16149
1614244755846711	200	15936
1614244755862669	200	18095
1614244755880786	200	18475
1614244755899292	200	16140
1614244755915454	200	18005
1614244755933481	200	16209
1614244755949715	200	18537
1614244755968278	200	15952
1614244755984250	200	16652
1614244756000929	200	18131
1614244756019082	200	16621
1614244756035728	200	16191
1614244756051940	200	18625
1614244756070586	200	16092
1614244756086699	200	18004
1614244756104726	200	16236
1614244756120984	200	17162
1614244756138167	200	16093
1614244756154282	200	16410
1614244756170722	200	17904
1614244756188648	200	16456
1614244756205127	200	16130
1614244756221277	200	17606
1614244756238904	200	16871
1614244756255815	200	17969
1614244756273808	200	16175
1614244756290004	200	15944
1614244756305969	200	17609
1614244756323600	200	16258
1614244756339891	200	16177
1614244756356085	200	16110
1614244756372215	200	15862
1614244756388094	200	17389
1614244756405501	200	16214
1614244756421731	200	17942
1614244756439690	200	16726
1614244756456436	200	16704
1614244756473159	200	16787
1614244756489962	200	17097
1614244756507075	200	16470
1614244756523562	200	18879
1614244756542462	200	16387
1614244756558866	200	16476
1614244756575361	200	16030
1614244756591410	200	17245
1614244756608673	200	18990
1614244756627685	200	16985
1614244756644687	200	17185
1614244756661910	200	16668
1614244756678598	200	16303
1614244756694917	200	18728
1614244756713662	200	18534
1614244756732217	200	18164
1614244756750397	200	19661
1614244756770079	200	18766
1614244756788862	200	18347
1614244756807226	200	17755
1614244756825001	200	19042
1614244756844066	200	16572
1614244756860657	200	18573
1614244756879247	200	19152
1614244756898461	200	16272
1614244756914750	200	16359
1614244756931126	200	16913
1614244756948063	200	17843
1614244756965930	200	16222
1614244756982171	200	17236
1614244756999430	200	16131
1614244757015583	200	16756
1614244757032391	200	18494
1614244757050906	200	18256
1614244757069181	200	18453
1614244757087652	200	18734
1614244757106407	200	18294
1614244757124719	200	16265
1614244757141004	200	16003
1614244757157023	200	16099
1614244757173141	200	18368
1614244757191530	200	16139
1614244757207689	200	15914
1614244757223619	200	16173
1614244757239810	200	18584
1614244757258411	200	19543
1614244757277973	200	18564
1614244757296554	200	16152
1614244757312724	200	18565
1614244757331308	200	16885
1614244757348215	200	17434
1614244757365674	200	16350
1614244757382040	200	17827
1614244757399886	200	15872
1614244757415774	200	16434
1614244757432228	200	16181
1614244757448426	200	17407
1614244757465852	200	17085
1614244757482955	200	17188
1614244757500164	200	16302
1614244757516482	200	16521
1614244757533023	200	16280
1614244757549320	200	16665
1614244757566003	200	18059
1614244757584078	200	16980
1614244757601078	200	15814
1614244757616909	200	16167
1614244757633097	200	15996
1614244757649110	200	18668
1614244757667798	200	16290
1614244757684107	200	17192
1614244757701319	200	16181
1614244757717513	200	16694
1614244757734225	200	15815
1614244757750056	200	18625
1614244757768699	200	17317
1614244757786031	200	17725
1614244757803774	200	15975
1614244757819765	200	16370
1614244757836153	200	16341
1614244757852513	200	16852
1614244757869382	200	18206
1614244757887615	200	18393
1614244757906028	200	16331
1614244757922374	200	16221
1614244757938613	200	16018
1614244757954647	200	16643
1614244757971310	200	16328
1614244757987659	200	16784
1614244758004462	200	18129
1614244758022606	200	17177
1614244758039806	200	17328
1614244758057153	200	17636
1614244758074807	200	16336
1614244758091160	200	17372
1614244758108549	200	16578
1614244758125146	200	17155
1614244758142321	200	17004
1614244758159342	200	18390
1614244758177749	200	16215
1614244758193983	200	16864
1614244758210868	200	17009
1614244758227895	200	16062
1614244758243973	200	16737
1614244758260725	200	17420
1614244758278162	200	18453
1614244758296633	200	18366
1614244758315017	200	16011
1614244758331046	200	16690
1614244758347752	200	18193
1614244758365964	200	15982
1614244758381964	200	16883
1614244758398866	200	18192
1614244758417073	200	18379
1614244758435471	200	15930
1614244758451417	200	16367
1614244758467802	200	15884
1614244758483703	200	16488
1614244758500210	200	15844
1614244758516070	200	17487
1614244758533577	200	16412
1614244758550006	200	16192
1614244758566215	200	16002
1614244758582234	200	16574
1614244758598826	200	15977
1614244758614820	200	18092
1614244758632931	200	18091
1614244758651042	200	17863
1614244758668926	200	15916
1614244758684857	200	16486
1614244758701363	200	15849
1614244758717229	200	16820
1614244758734073	200	16390
1614244758750482	200	16431
1614244758766932	200	16450
1614244758783400	200	16310
1614244758799728	200	15838
1614244758815582	200	16486
1614244758832108	200	16524
1614244758848649	200	18335
1614244758867003	200	16357
1614244758883376	200	17527
1614244758900922	200	16107
1614244758917045	200	16440
1614244758933517	200	18207
1614244758951741	200	16431
1614244758968191	200	16013
1614244758984220	200	16130
1614244759000370	200	16171
1614244759016560	200	16601
1614244759033179	200	18316
1614244759051512	200	16371
1614244759067902	200	18200
1614244759086120	200	16628
1614244759102767	200	17087
1614244759119871	200	17007
1614244759136897	200	18244
1614244759155155	200	18108
1614244759173282	200	16577
1614244759189878	200	16365
1614244759206264	200	16417
1614244759222700	200	16495
1614244759239216	200	16365
1614244759255597	200	16314
1614244759271929	200	16832
1614244759288781	200	16247
1614244759305047	200	16150
1614244759321215	200	16454
1614244759337689	200	15775
1614244759353482	200	16478
1614244759369980	200	15858
1614244759385853	200	18889
1614244759404761	200	17090
1614244759421905	200	17362
1614244759439285	200	16362
1614244759455664	200	16784
1614244759472470	200	16399
1614244759488887	200	17674
1614244759506583	200	16366
1614244759522966	200	16151
1614244759539136	200	18410
1614244759557563	200	16291
1614244777068897	200	18475
1614244777087403	200	16800
1614244777104226	200	18151
1614244777122400	200	20868
1614244777143311	200	17092
1614244777160425	200	17765
1614244777178212	200	17153
1614244777195389	200	17011
1614244777212425	200	17092
1614244777229539	200	19128
1614244777248690	200	16772
1614244777265486	200	17258
1614244777282767	200	18061
1614244777300870	200	17409
1614244777318304	200	19866
1614244777338198	200	19360
1614244777357583	200	17167
1614244777374773	200	19080
1614244777393876	200	18880
1614244777412785	200	18370
1614244777431183	200	19096
1614244777450303	200	18272
1614244777468599	200	17996
1614244777486618	200	16373
1614244777503015	200	16844
1614244777519882	200	18766
1614244777538670	200	19356
1614244777558049	200	16626
1614244777574698	200	17688
1614244777592410	200	16149
1614244777608581	200	18179
1614244777626784	200	16264
1614244777643069	200	18407
1614244777661499	200	17937
1614244777679456	200	17997
1614244777697472	200	18298
1614244777715795	200	18152
1614244777733970	200	15819
1614244777749809	200	18615
1614244777768469	200	16570
1614244777785060	200	15899
1614244777800979	200	15826
1614244777816826	200	18040
1614244777834900	200	15893
1614244777850815	200	15937
1614244777866774	200	18930
1614244777885732	200	18316
1614244777904075	200	17275
1614244777921373	200	17265
1614244777938669	200	18720
1614244777957416	200	18027
1614244777975491	200	18386
1614244777993921	200	17918
1614244778011871	200	16712
1614244778028611	200	16295
1614244778044933	200	18389
1614244778063344	200	18196
1614244778081562	200	18124
1614244778099712	200	17194
1614244778116927	200	15875
1614244778132822	200	17730
1614244778150576	200	18545
1614244778169145	200	15962
1614244778185134	200	16158
1614244778201314	200	15998
1614244778217334	200	16052
1614244778233407	200	16203
1614244778249630	200	15978
1614244778265630	200	16160
1614244778281812	200	15987
1614244778297821	200	15907
1614244778313750	200	19645
1614244778333438	200	20370
1614244778353847	200	21108
1614244778374992	200	18246
1614244778393278	200	19868
1614244778413178	200	17513
1614244778430726	200	16627
1614244778447381	200	17965
1614244778465375	200	20155
1614244778485558	200	17860
1614244778503448	200	20347
1614244778523823	200	18192
1614244778542050	200	19197
1614244778561278	200	18628
1614244778579943	200	17644
1614244778597620	200	16892
1614244778614539	200	17130
1614244778631717	200	18958
1614244778650762	200	17154
1614244778667955	200	18731
1614244778686714	200	18703
1614244778705443	200	18541
1614244778724006	200	16030
1614244778740067	200	16021
1614244778756110	200	17804
1614244778773939	200	16359
1614244778790319	200	16383
1614244778806724	200	16027
1614244778822773	200	16047
1614244778838849	200	18361
1614244778857231	200	15857
1614244778873108	200	19371
1614244778892500	200	18176
1614244778910697	200	15849
1614244778926569	200	18166
1614244778944762	200	17194
1614244778961980	200	16037
1614244778978039	200	18205
1614244778996265	200	17465
1614244779013752	200	15946
1614244779029723	200	17649
1614244779047396	200	17109
1614244779064543	200	17411
1614244779081973	200	18208
1614244779100201	200	17015
1614244779117238	200	16952
1614244779134208	200	16632
1614244779150860	200	18426
1614244779169341	200	16739
1614244779186105	200	18681
1614244779204807	200	17298
1614244779222124	200	16641
1614244779238785	200	17169
1614244779255973	200	16923
1614244779272914	200	16050
1614244779288982	200	16636
1614244779305638	200	16897
1614244779322574	200	16459
1614244779339051	200	16363
1614244779355431	200	16216
1614244779371665	200	16778
1614244779388464	200	16429
1614244779404912	200	15893
1614244779420823	200	16808
1614244779437650	200	16239
1614244779453907	200	16773
1614244779470699	200	15708
1614244779486424	200	18363
1614244779504805	200	17223
1614244779522046	200	16033
1614244779538096	200	16012
1614244779554125	200	18205
1614244779572347	200	16127
1614244779588496	200	16266
1614244779604780	200	16006
1614244779620802	200	16526
1614244779637347	200	15867
1614244779653230	200	16127
1614244779669373	200	16185
1614244779685576	200	16486
1614244779702079	200	18232
1614244779720366	200	18022
1614244779738407	200	16438
1614244779754861	200	16474
1614244779771352	200	15721
1614244779787087	200	16931
1614244779804036	200	16556
1614244779820607	200	18737
1614244779839363	200	18316
1614244779857697	200	17811
1614244779875524	200	17292
1614244779892837	200	17189
1614244779910049	200	16832
1614244779926903	200	16691
1614244779943616	200	16963
1614244779960600	200	16569
1614244779977187	200	18370
1614244779995574	200	17014
1614244780012605	200	16150
1614244780028773	200	15835
1614244780044626	200	16381
1614244780061024	200	15882
1614244780076923	200	18104
1614244780095046	200	18254
1614244780113316	200	17726
1614244780131060	200	17961
1614244780149039	200	18494
1614244780167551	200	16019
1614244780183590	200	18089
1614244780201698	200	16207
1614244780217925	200	15669
1614244780233610	200	16217
1614244780249846	200	16023
1614244780265886	200	16088
1614244780281993	200	16491
1614244780298501	200	16089
1614244780314608	200	16232
1614244780330857	200	17064
1614244780347940	200	16956
1614244780364914	200	15908
1614244780380841	200	19254
1614244780400115	200	17162
1614244780417303	200	18780
1614244780436112	200	18090
1614244780454220	200	16167
1614244780470432	200	16963
1614244780487412	200	17107
1614244780504538	200	18272
1614244780522830	200	18049
1614244780540907	200	16690
1614244780557617	200	16777
1614244780574413	200	18383
1614244780592815	200	17447
1614244780610282	200	18129
1614244780628428	200	17344
1614244780645789	200	16387
1614244780662195	200	16294
1614244780678505	200	16325
1614244780694851	200	18199
1614244780713081	200	18610
1614244780731712	200	18387
1614244780750121	200	18724
1614244780768866	200	16027
1614244780784910	200	16332
1614244780801261	200	17390
1614244780818673	200	16653
1614244780835367	200	18153
1614244780853540	200	16411
1614244780869971	200	16837
1614244780886825	200	17030
1614244780903873	200	18069
1614244780921958	200	19282
1614244780941259	200	18239
1614244780959516	200	17302
1614244780976835	200	17224
1614244780994076	200	18134
1614244781012225	200	18103
1614244781030351	200	18883
1614244781049258	200	16315
1614244781065593	200	17008
1614244781082620	200	17588
1614244781100226	200	15966
1614244781116208	200	16018
1614244781132244	200	16707
1614244781148969	200	18362
1614244781167347	200	15885
1614244781183249	200	18488
1614244781201755	200	18490
1614244781220262	200	18371
1614244781238651	200	15915
1614244781254583	200	17708
1614244781272307	200	16075
1614244781288399	200	18279
1614244781306693	200	16143
1614244781322857	200	18291
1614244781341165	200	17534
1614244781358717	200	16054
1614244781374789	200	17179
1614244781391991	200	16593
1614244781408601	200	18867
1614244781427485	200	18420
1614244781445923	200	18402
1614244781464341	200	17911
1614244781482271	200	18177
1614244781500463	200	17819
1614244781518298	200	19273
1614244781537589	200	16280
1614244781553884	200	16605
1614244781570507	200	16324
1614244781586854	200	18754
1614244781605627	200	16614
1614244781622257	200	18031
1614244781640308	200	18956
1614244781659281	200	17154
1614244781676468	200	17052
1614244781693536	200	18278
1614244781711830	200	19445
1614244781731298	200	17741
1614244781749057	200	18634
1614244781767713	200	16791
1614244781784524	200	16143
1614244781800684	200	18541
1614244781819242	200	16063
1614244781835325	200	15980
1614244781851322	200	16962
1614244781868301	200	16519
1614244781884837	200	17458
1614244781902319	200	17943
1614244781920282	200	18075
1614244781938376	200	16175
1614244781954567	200	16355
1614244781970939	200	18119
1614244781989074	200	17377
1614244782006470	200	15901
1614244782022391	200	16932
1614244782039340	200	15865
1614244782055221	200	16972
1614244782072212	200	15902
1614244782088130	200	17401
1614244782105548	200	16429
1614244782121994	200	18041
1614244782140058	200	16026
1614244782156101	200	17665
1614244782173783	200	15997
1614244782189799	200	16764
1614244782206584	200	16344
1614244782222946	200	16650
1614244782239613	200	16289
1614244782255920	200	17355
1614244782273307	200	16434
1614244782289762	200	16609
1614244782306389	200	18363
1614244782324769	200	17751
1614244782342538	200	16967
1614244782359522	200	18434
1614244782377972	200	16837
1614244782394827	200	17400
1614244782412245	200	17546
1614244782429807	200	18303
1614244782448128	200	15990
1614244782464138	200	16272
1614244782480428	200	18079
1614244782498524	200	15858
1614244782514397	200	18459
1614244782532872	200	17695
1614244782550583	200	15994
1614244782566594	200	16783
1614244782583395	200	16870
1614244782600282	200	16462
1614244782616761	200	18197
1614244782634975	200	16177
1614244782651168	200	17841
1614244782669027	200	18050
1614244782687094	200	18321
1614244782705432	200	15963
1614244782721411	200	17109
1614244782738538	200	15971
1614244782754527	200	18000
1614244782772545	200	15976
1614244782788537	200	16467
1614244782805020	200	17865
1614244782822902	200	18021
1614244782840939	200	17554
1614244782858509	200	16481
1614244782875005	200	17366
1614244782892390	200	17030
1614244782909437	200	17575
1614244782927029	200	18410
1614244782945455	200	18061
1614244782963532	200	16461
1614244782980011	200	17638
1614244782997665	200	16119
1614244783013805	200	16443
1614244783030267	200	15989
1614244783046272	200	18972
1614244783065261	200	16625
1614244783081903	200	18233
1614244783100153	200	15947
1614244783116116	200	16119
1614244783132252	200	17001
1614244783149270	200	18237
1614244783167523	200	16168
1614244783183709	200	16137
1614244783199864	200	16401
1614244783216282	200	18467
1614244783234765	200	18504
1614244783253285	200	18691
1614244783271995	200	18390
1614244783290401	200	18912
1614244783309330	200	17029
1614244783326375	200	15850
1614244783342242	200	16009
1614244783358268	200	15890
1614244783374174	200	17725
1614244783391916	200	16955
1614244783408889	200	18493
1614244783427400	200	18456
1614244783445882	200	17864
1614244783463765	200	19325
1614244783483108	200	17086
1614244783500213	200	17518
1614244783517750	200	18076
1614244783535846	200	15999
1614244783551865	200	16154
1614244783568036	200	15900
1614244783583953	200	18477
1614244783602450	200	18205
1614244783620673	200	18470
1614244783639162	200	16224
1614244783655405	200	16193
1614244783671615	200	17691
1614244783689322	200	18288
1614244783707628	200	18159
1614244783725806	200	18518
1614244783744342	200	18059
1614244783762424	200	17863
1614244783780307	200	16307
1614244783796633	200	15994
1614244783812644	200	16832
1614244783829492	200	16797
1614244783846316	200	16384
1614244783862717	200	16743
1614244783879481	200	16435
1614244783895932	200	17200
1614244783913149	200	16165
1614244783929328	200	17392
1614244783946736	200	16763
1614244783963516	200	16539
1614244783980071	200	18208
1614244783998306	200	16391
1614244784014713	200	16100
1614244784030830	200	16206
1614244784047053	200	16380
1614244784063451	200	18081
1614244784081549	200	15907
1614244784097472	200	17066
1614244784114554	200	16646
1614244784131220	200	16767
1614244784148004	200	17235
1614244784165256	200	16018
1614244784181291	200	18360
1614244784199669	200	16171
1614244784215862	200	18266
1614244784234145	200	16012
1614244784250174	200	18425
1614244784268616	200	15914
1614244784284562	200	17971
1614244784302550	200	16705
1614244784319274	200	18117
1614244784337409	200	17430
1614244784354855	200	16036
1614244784370908	200	17885
1614244784388827	200	18385
1614244784407247	200	16871
1614244784424137	200	15995
1614244784440148	200	18006
1614244784458171	200	16225
1614244784474412	200	16043
1614244784490471	200	17582
1614244784508068	200	16063
1614244784524166	200	16106
1614244784540290	200	17113
1614244784557420	200	16442
1614244784573879	200	16746
1614244784590642	200	17334
1614244784607992	200	18686
1614244784626694	200	17472
1614244784644183	200	17952
1614244784662152	200	18176
1614244784680344	200	18113
1614244784698482	200	17744
1614244784716243	200	16792
1614244784733052	200	15945
1614244784749015	200	18894
1614244784767931	200	18149
1614244784786100	200	17458
1614244784803578	200	17200
1614244784820794	200	15960
1614244784836773	200	15914
1614244784852703	200	18550
1614244784871270	200	16703
1614244784887990	200	15921
1614244784903928	200	18672
1614244784922620	200	15828
1614244784938465	200	15713
1614244784954194	200	16093
1614244784970305	200	16259
1614244784986583	200	17129
1614244785003732	200	15975
1614244785019724	200	17239
1614244785036982	200	16754
1614244785053751	200	16134
1614244785069902	200	15717
1614244785085635	200	18588
1614244785104245	200	15993
1614244785120253	200	16480
1614244785136750	200	15944
1614244785152709	200	15903
1614244785168629	200	18294
1614244785186940	200	19340
1614244785206303	200	16158
1614244785222478	200	18780
1614244785241282	200	17743
1614244785259043	200	16488
1614244785275550	200	16059
1614244785291625	200	16398
1614244785308047	200	17095
1614244785325167	200	16844
1614244785342040	200	17381
1614244785359453	200	16832
1614244785376317	200	18712
1614244785395052	200	17320
1614244785412399	200	17004
1614244785429430	200	16196
1614244785445652	200	16149
1614244785461823	200	16086
1614244785477930	200	16118
1614244785494070	200	17026
1614244785511118	200	16380
1614244785527527	200	16092
1614244785543643	200	18426
1614244785562090	200	17154
1614244785579267	200	18900
1614244785598195	200	18187
1614244785616402	200	18280
1614244785634704	200	15829
1614244785650554	200	18705
1614244785669280	200	16049
1614244785685351	200	18787
1614244785704171	200	16402
1614244785720593	200	16788
1614244785737404	200	15971
1614244785753396	200	20125
1614244785773553	200	16748
1614244785790322	200	17897
1614244785808242	200	17790
1614244785826109	200	17324
1614244785843456	200	16312
1614244785859790	200	16806
1614244785876617	200	18112
1614244785894751	200	16386
1614244785911200	200	17214
1614244785928436	200	16046
1614244785944504	200	16581
1614244785961106	200	16042
1614244785977174	200	17682
1614244785994878	200	15809
1614244786010709	200	17022
1614244786027761	200	16831
1614244786044613	200	18865
1614244786063500	200	17318
1614244786080843	200	18103
1614244786098974	200	18310
1614244786117306	200	18065
1614244786135392	200	18022
1614244786153436	200	18140
1614244786171602	200	18526
1614244786190148	200	16207
1614244786206377	200	18296
1614244786224693	200	18080
1614244786242795	200	17693
1614244786260510	200	15918
1614244786276449	200	16253
1614244786292723	200	16690
1614244786309439	200	18558
1614244786328019	200	17891
1614244786345932	200	18315
1614244786364276	200	18332
1614244786382631	200	18071
1614244786400725	200	16806
1614244786417553	200	18275
1614244786435850	200	16351
1614244786452224	200	16490
1614244786468735	200	18071
1614244786486828	200	18217
1614244786505108	200	17874
1614244786523005	200	16182
1614244786539208	200	15857
1614244786555086	200	16131
1614244786571240	200	17702
1614244786588964	200	18479
1614244786607466	200	15743
1614244786623231	200	16696
1614244786639949	200	16736
1614244786656708	200	16768
1614244786673497	200	18401
1614244786691923	200	17749
1614244786709693	200	15924
1614244786725643	200	15800
1614244786741464	200	18149
1614244786759635	200	16493
1614244786776154	200	16648
1614244786792825	200	19098
1614244786811951	200	18198
1614244786830174	200	18143
1614244786848338	200	18765
1614244786867134	200	18535
1614244786885704	200	16400
1614244786902123	200	16451
1614244786918594	200	16046
1614244786934659	200	16145
1614244786950821	200	18115
1614244786968953	200	18094
1614244786987066	200	18570
1614244787005656	200	18305
1614244787023980	200	18427
1614244787042429	200	16639
1614244787059087	200	16403
1614244787075506	200	16503
1614244787092027	200	16484
1614244787108528	200	17948
1614244787126493	200	18437
1614244787144970	200	18402
1614244787163393	200	16239
1614244787179650	200	18264
1614244787197932	200	18180
1614244787216129	200	18504
1614244787234646	200	18400
1614244787253064	200	18914
1614244787271998	200	18007
1614244787290021	200	16360
1614244787306400	200	16313
1614244787322730	200	16259
1614244787339010	200	16151
1614244787355177	200	16288
1614244787371501	200	17984
1614244787389502	200	17124
1614244787406647	200	17277
1614244787423942	200	16912
1614244787440880	200	16840
1614244787457737	200	16322
1614244787474075	200	18619
1614244787492712	200	16353
1614244787509082	200	17822
1614244787526922	200	17544
1614244787544484	200	16408
1614244787560908	200	17494
1614244787578418	200	18239
1614244787596677	200	18094
1614244787614787	200	16988
1614244787631791	200	18123
1614244787649930	200	17206
1614244787667153	200	16769
1614244787683941	200	16950
1614244787700908	200	16645
1614244787717570	200	16040
1614244787733626	200	18060
1614244787751708	200	16125
1614244787767849	200	16062
1614244787783928	200	17305
1614244787801251	200	16512
1614244787817781	200	16542
1614244787834340	200	16506
1614244787850861	200	16230
1614244787867110	200	16453
1614244787883580	200	16341
1614244787899937	200	16532
1614244787916487	200	17174
1614244787933680	200	16117
1614244787949815	200	16031
1614244787965863	200	17280
1614244787983162	200	17367
1614244788000552	200	16359
1614244788016930	200	16003
1614244788032950	200	16189
1614244788049156	200	15986
1614244788065158	200	15968
1614244788081144	200	18277
1614244788099437	200	16963
1614244788116419	200	16150
1614244788132586	200	18785
1614244788151388	200	16556
1614244788167961	200	15970
1614244788183948	200	16176
1614244788200142	200	16397
1614244788216554	200	15872
1614244788232443	200	18658
1614244788251118	200	18749
1614244788269888	200	16927
1614244788286832	200	15924
1614244788302776	200	15951
1614244788318743	200	16044
1614244788334803	200	16004
1614244788350823	200	17375
1614244788368220	200	18053
1614244788386292	200	18251
1614244788404560	200	16192
1614244788420770	200	16877
1614244788437667	200	16020
1614244788453702	200	16404
1614244788470124	200	16049
1614244788486189	200	16876
1614244788503082	200	16087
1614244788519188	200	15935
1614244788535139	200	16633
1614244788551791	200	16617
1614244788568425	200	16171
1614244788584614	200	16615
1614244788601247	200	16445
1614244788617708	200	16702
1614244788634428	200	16311
1614244788650757	200	15919
1614244788666693	200	16230
1614244788682940	200	18172
1614244788701129	200	18319
1614244788719466	200	18352
1614244788737837	200	17220
1614244788755076	200	18468
1614244788773561	200	18160
1614244788791736	200	16365
1614244788808119	200	18165
1614244788826305	200	16792
1614244788843120	200	16853
1614244788859994	200	16666
1614244788876678	200	16182
1614244788892879	200	18620
1614244788911516	200	18257
1614244788929794	200	18729
1614244788948547	200	17273
1614244788965842	200	18234
1614244788984097	200	18578
1614244789002698	200	17187
1614244789019905	200	16628
1614244789036551	200	16310
1614244789052875	200	18561
1614244789071454	200	18001
1614244789089475	200	16660
1614244789106153	200	16289
1614244789122461	200	16071
1614244789138559	200	16187
1614244789154764	200	16422
1614244789171203	200	17736
1614244789188955	200	19005
1614244789207982	200	17384
1614244789225385	200	16483
1614244789241888	200	16442
1614244789258347	200	16133
1614244789274498	200	16077
1614244789290593	200	16589
1614244789307201	200	16149
1614244789323389	200	18102
1614244789341509	200	16443
1614244789357969	200	16271
1614244789374258	200	17452
1614244789391730	200	18258
1614244789410005	200	19152
1614244789429178	200	16639
1614244789445836	200	17421
1614244789463279	200	18106
1614244789481401	200	16214
1614244789497635	200	15718
1614244789513368	200	18115
1614244789531502	200	16657
1614244789548183	200	16613
1614244789564814	200	16052
1614244789580883	200	16712
1614244789597614	200	15688
1614244789613319	200	17026
1614244789630363	200	16135
1614244789646514	200	17481
1614244789664015	200	18047
1614244789682080	200	18079
1614244789700176	200	16477
1614244789716669	200	17515
1614244789734202	200	16335
1614244789750552	200	16504
1614244789767076	200	16132
1614244789783223	200	16132
1614244789799373	200	15740
1614244789815128	200	16536
1614244789831684	200	15650
1614244789847350	200	18604
1614244789865974	200	18166
1614244789884157	200	17522
1614244789901699	200	16055
1614244789917771	200	18014
1614244789935810	200	17024
1614244789952851	200	18541
1614244789971413	200	18297
1614244789989773	200	18234
1614244790008024	200	18178
1614244790026222	200	17286
1614244790043523	200	18413
1614244790061960	200	16691
1614244790078674	200	16922
1614244790095621	200	16830
1614244790112472	200	16921
1614244790129415	200	16548
1614244790145986	200	17254
1614244790163263	200	16605
1614244790179888	200	17547
1614244790197459	200	17077
1614244790214558	200	17767
1614244790232348	200	17456
1614244790249825	200	18211
1614244790268059	200	17469
1614244790285549	200	18662
1614244790304258	200	20186
1614244790324472	200	18681
1614244790343175	200	17430
1614244790360628	200	17617
1614244790378267	200	17845
1614244790396136	200	18562
1614244790414721	200	17658
1614244790432403	200	16345
1614244790448766	200	16907
1614244790465693	200	15801
1614244790481513	200	17815
1614244790499349	200	18031
1614244790517394	200	19225
1614244790536640	200	18111
1614244790554768	200	16631
1614244790571418	200	16115
1614244790587551	200	18651
1614244790606222	200	17298
1614244790623538	200	17626
1614244790641181	200	17234
1614244790658436	200	16173
1614244790674627	200	18393
1614244790693040	200	15704
1614244790708760	200	17051
1614244790725829	200	17741
1614244790743587	200	18741
1614244790762348	200	16800
1614244790779167	200	17014
1614244790796201	200	16133
1614244790812350	200	17988
1614244790830357	200	16025
1614244790846399	200	17073
1614244790863500	200	15968
1614244790879483	200	18650
1614244790898153	200	16666
1614244790914839	200	17466
1614244790932327	200	16643
1614244790948988	200	16501
1614244790965507	200	15787
1614244790981309	200	17418
1614244790998747	200	16572
1614244791015334	200	16487
1614244791031843	200	16076
1614244791047938	200	16916
1614244791064871	200	15912
1614244791080799	200	16415
1614244791097231	200	18332
1614244791115579	200	18573
1614244791134169	200	16044
1614244791150229	200	17439
1614244791167685	200	15839
1614244791183540	200	19552
1614244791203111	200	17990
1614244791221116	200	19209
1614244791240342	200	16076
1614244791256441	200	18440
1614244791274901	200	16936
1614244791291858	200	18030
1614244791309905	200	17272
1614244791327196	200	18040
1614244791345251	200	16457
1614244791361725	200	17966
1614244791379707	200	16639
1614244791396363	200	15703
1614244791412080	200	18308
1614244791430407	200	16518
1614244791446952	200	18648
1614244791465634	200	17865
1614244791483515	200	17052
1614244791500586	200	15914
1614244791516515	200	17702
1614244791534235	200	15726
1614244791549977	200	16332
1614244791566325	200	15669
1614244791582009	200	17721
1614244791599748	200	17956
1614244791617721	200	18712
1614244791636452	200	15927
1614244791652396	200	17131
1614244791669544	200	16656
1614244791686217	200	16927
1614244791703162	200	17376
1614244791720554	200	17112
1614244791737683	200	15565
1614244791753263	200	16995
1614244791770283	200	15934
1614244791786233	200	17020
1614244791803272	200	17889
1614244791821179	200	16762
1614244791837962	200	15835
1614244791853814	200	16953
1614244791870790	200	15737
1614244791886543	200	17116
1614244791903677	200	16373
1614244791920067	200	16173
1614244791936258	200	16790
1614244791953063	200	17130
1614244791970217	200	15767
1614244791985999	200	16782
1614244792002799	200	16100
1614244792018914	200	16777
1614244792035709	200	15798
1614244792051523	200	18710
1614244792070301	200	16557
1614244792086876	200	17311
1614244792104206	200	16830
1614244792121053	200	16410
1614244792137481	200	15874
1614244792153373	200	16290
1614244792169684	200	15705
1614244792185405	200	17112
1614244792202535	200	18074
1614244792220663	200	18497
1614244792239178	200	17358
1614244792256555	200	17108
1614244792273685	200	16688
1614244792290413	200	17510
1614244792307939	200	16797
1614244792324753	200	16472
1614244792341240	200	17826
1614244792359085	200	15870
1614244792374970	200	16315
1614244792391303	200	16544
1614244792407865	200	18216
1614244792426098	200	15966
1614244792442080	200	18660
1614244792460758	200	15766
1614244792476539	200	17209
1614244792493768	200	16338
1614244792510121	200	18193
1614244792528331	200	15824
1614244792544170	200	18608
1614244792562806	200	16231
1614244792579052	200	16521
1614244792595591	200	17773
1614244792613379	200	16531
1614244792629928	200	18244
1614244792648188	200	16385
1614244792664593	200	15692
1614244792680301	200	18159
1614244792698476	200	18090
1614244792716582	200	16524
1614244792733124	200	16595
1614244792749735	200	18260
1614244792768012	200	16811
1614244792784839	200	16186
1614244792801042	200	15644
1614244792816703	200	16919
1614244792833641	200	15703
1614244792849359	200	18307
1614244792867685	200	15920
1614244792883620	200	16658
1614244792900296	200	15761
1614244792916073	200	19282
1614244792935372	200	18571
1614244792953980	200	18174
1614244792972172	200	16322
1614244792988556	200	16873
1614244793005447	200	19001
1614244793024466	200	18050
1614244793042531	200	16438
1614244793058986	200	15868
1614244793074869	200	16614
1614244793091498	200	18510
1614244793110025	200	16220
1614244793126261	200	17898
1614244793144173	200	16261
1614244793160453	200	15781
1614244793176249	200	16480
1614244793192764	200	17942
1614244793210723	200	18812
1614244793229554	200	18074
1614244793247644	200	18428
1614244793266090	200	16121
1614244793282226	200	18980
1614244793301225	200	18121
1614244793319361	200	16607
1614244793335988	200	15651
1614244793351654	200	16613
1614244793368284	200	18002
1614244793386301	200	17933
1614244793404251	200	16655
1614244793420922	200	17509
1614244793438449	200	16545
1614244793455011	200	17348
1614244793472378	200	15937
1614244793488332	200	18905
1614244793507254	200	18705
1614244793525983	200	16526
1614244793542525	200	16170
1614244793558715	200	15810
1614244793574541	200	17906
1614244793592468	200	18371
1614244793610856	200	18179
1614244793629056	200	16005
1614244793645077	200	16947
1614244793662044	200	17716
1614244793679777	200	18345
1614244793698139	200	15950
1614244793714105	200	18910
1614244793733032	200	16785
1614244793749832	200	17448
1614244793767302	200	16437
1614244793783757	200	18057
1614244793801832	200	18426
1614244793820275	200	17032
1614244793837324	200	16040
1614244793853381	200	18024
1614244793871457	200	16094
1614244793887567	200	16498
1614244793904083	200	15640
1614244793919739	200	18874
1614244793938631	200	18653
1614244793957318	200	16885
1614244793974220	200	16079
1614244793990333	200	17558
1614244794007907	200	18830
1614244794026759	200	16907
1614244794043682	200	19100
1614244794062809	200	16159
1614244794078987	200	17062
1614244794096071	200	15846
1614244794111932	200	18495
1614244794130445	200	16814
1614244794147275	200	16145
1614244794163437	200	17033
1614244794180486	200	17452
1614244794197955	200	17396
1614244794215367	200	16448
1614244794231833	200	17229
1614244794249078	200	17581
1614244794266675	200	15871
